2019-05-08 17:35:59,300 - config - INFO - {'ConstellationID': 1, 'ConstellationName': 'Galileo', 'ConstellationType': 0, 'NumberOfPlanes': 3, 'Size': 0, 'TLEFileName': '', 'SP3FileName': '', 'NumOfSatellites': 30}
2019-05-08 17:35:59,300 - config - INFO - {'ConstellationID': 1, 'ConstellationName': 'Galileo', 'SatelliteID': 1, 'Plane': 1, 'Name': '', 'AntennaMask': [], 'AntennaMaskMaximum': [], 'Kepler': <segments.KeplerSet object at 0x12333df98>, 'PosVelECI': [0, 0, 0, 0, 0, 0], 'PosVelECF': [0, 0, 0, 0, 0, 0], 'LLA': [0, 0, 0], 'IdxStationInView': [], 'NumStationInView': 0, 'IdxSatelliteInView': [], 'NumSatelliteInView': 0, 'Metric': []}
2019-05-08 17:35:59,300 - config - INFO - {'ConstellationID': 1, 'ConstellationName': 'Galileo', 'SatelliteID': 2, 'Plane': 1, 'Name': '', 'AntennaMask': [], 'AntennaMaskMaximum': [], 'Kepler': <segments.KeplerSet object at 0x123363358>, 'PosVelECI': [0, 0, 0, 0, 0, 0], 'PosVelECF': [0, 0, 0, 0, 0, 0], 'LLA': [0, 0, 0], 'IdxStationInView': [], 'NumStationInView': 0, 'IdxSatelliteInView': [], 'NumSatelliteInView': 0, 'Metric': []}
2019-05-08 17:35:59,300 - config - INFO - {'ConstellationID': 1, 'ConstellationName': 'Galileo', 'SatelliteID': 3, 'Plane': 1, 'Name': '', 'AntennaMask': [], 'AntennaMaskMaximum': [], 'Kepler': <segments.KeplerSet object at 0x123363748>, 'PosVelECI': [0, 0, 0, 0, 0, 0], 'PosVelECF': [0, 0, 0, 0, 0, 0], 'LLA': [0, 0, 0], 'IdxStationInView': [], 'NumStationInView': 0, 'IdxSatelliteInView': [], 'NumSatelliteInView': 0, 'Metric': []}
2019-05-08 17:35:59,301 - config - INFO - {'ConstellationID': 1, 'ConstellationName': 'Galileo', 'SatelliteID': 4, 'Plane': 1, 'Name': '', 'AntennaMask': [], 'AntennaMaskMaximum': [], 'Kepler': <segments.KeplerSet object at 0x1233637b8>, 'PosVelECI': [0, 0, 0, 0, 0, 0], 'PosVelECF': [0, 0, 0, 0, 0, 0], 'LLA': [0, 0, 0], 'IdxStationInView': [], 'NumStationInView': 0, 'IdxSatelliteInView': [], 'NumSatelliteInView': 0, 'Metric': []}
2019-05-08 17:35:59,301 - config - INFO - {'ConstellationID': 1, 'ConstellationName': 'Galileo', 'SatelliteID': 5, 'Plane': 1, 'Name': '', 'AntennaMask': [], 'AntennaMaskMaximum': [], 'Kepler': <segments.KeplerSet object at 0x123363828>, 'PosVelECI': [0, 0, 0, 0, 0, 0], 'PosVelECF': [0, 0, 0, 0, 0, 0], 'LLA': [0, 0, 0], 'IdxStationInView': [], 'NumStationInView': 0, 'IdxSatelliteInView': [], 'NumSatelliteInView': 0, 'Metric': []}
2019-05-08 17:35:59,301 - config - INFO - {'ConstellationID': 1, 'ConstellationName': 'Galileo', 'SatelliteID': 6, 'Plane': 1, 'Name': '', 'AntennaMask': [], 'AntennaMaskMaximum': [], 'Kepler': <segments.KeplerSet object at 0x123363898>, 'PosVelECI': [0, 0, 0, 0, 0, 0], 'PosVelECF': [0, 0, 0, 0, 0, 0], 'LLA': [0, 0, 0], 'IdxStationInView': [], 'NumStationInView': 0, 'IdxSatelliteInView': [], 'NumSatelliteInView': 0, 'Metric': []}
2019-05-08 17:35:59,301 - config - INFO - {'ConstellationID': 1, 'ConstellationName': 'Galileo', 'SatelliteID': 7, 'Plane': 1, 'Name': '', 'AntennaMask': [], 'AntennaMaskMaximum': [], 'Kepler': <segments.KeplerSet object at 0x123363908>, 'PosVelECI': [0, 0, 0, 0, 0, 0], 'PosVelECF': [0, 0, 0, 0, 0, 0], 'LLA': [0, 0, 0], 'IdxStationInView': [], 'NumStationInView': 0, 'IdxSatelliteInView': [], 'NumSatelliteInView': 0, 'Metric': []}
2019-05-08 17:35:59,301 - config - INFO - {'ConstellationID': 1, 'ConstellationName': 'Galileo', 'SatelliteID': 8, 'Plane': 1, 'Name': '', 'AntennaMask': [], 'AntennaMaskMaximum': [], 'Kepler': <segments.KeplerSet object at 0x123363978>, 'PosVelECI': [0, 0, 0, 0, 0, 0], 'PosVelECF': [0, 0, 0, 0, 0, 0], 'LLA': [0, 0, 0], 'IdxStationInView': [], 'NumStationInView': 0, 'IdxSatelliteInView': [], 'NumSatelliteInView': 0, 'Metric': []}
2019-05-08 17:35:59,301 - config - INFO - {'ConstellationID': 1, 'ConstellationName': 'Galileo', 'SatelliteID': 9, 'Plane': 1, 'Name': '', 'AntennaMask': [], 'AntennaMaskMaximum': [], 'Kepler': <segments.KeplerSet object at 0x1233639e8>, 'PosVelECI': [0, 0, 0, 0, 0, 0], 'PosVelECF': [0, 0, 0, 0, 0, 0], 'LLA': [0, 0, 0], 'IdxStationInView': [], 'NumStationInView': 0, 'IdxSatelliteInView': [], 'NumSatelliteInView': 0, 'Metric': []}
2019-05-08 17:35:59,301 - config - INFO - {'ConstellationID': 1, 'ConstellationName': 'Galileo', 'SatelliteID': 10, 'Plane': 1, 'Name': '', 'AntennaMask': [], 'AntennaMaskMaximum': [], 'Kepler': <segments.KeplerSet object at 0x123363a58>, 'PosVelECI': [0, 0, 0, 0, 0, 0], 'PosVelECF': [0, 0, 0, 0, 0, 0], 'LLA': [0, 0, 0], 'IdxStationInView': [], 'NumStationInView': 0, 'IdxSatelliteInView': [], 'NumSatelliteInView': 0, 'Metric': []}
2019-05-08 17:35:59,301 - config - INFO - {'ConstellationID': 1, 'ConstellationName': 'Galileo', 'SatelliteID': 11, 'Plane': 2, 'Name': '', 'AntennaMask': [], 'AntennaMaskMaximum': [], 'Kepler': <segments.KeplerSet object at 0x123363ac8>, 'PosVelECI': [0, 0, 0, 0, 0, 0], 'PosVelECF': [0, 0, 0, 0, 0, 0], 'LLA': [0, 0, 0], 'IdxStationInView': [], 'NumStationInView': 0, 'IdxSatelliteInView': [], 'NumSatelliteInView': 0, 'Metric': []}
2019-05-08 17:35:59,301 - config - INFO - {'ConstellationID': 1, 'ConstellationName': 'Galileo', 'SatelliteID': 12, 'Plane': 2, 'Name': '', 'AntennaMask': [], 'AntennaMaskMaximum': [], 'Kepler': <segments.KeplerSet object at 0x123363b38>, 'PosVelECI': [0, 0, 0, 0, 0, 0], 'PosVelECF': [0, 0, 0, 0, 0, 0], 'LLA': [0, 0, 0], 'IdxStationInView': [], 'NumStationInView': 0, 'IdxSatelliteInView': [], 'NumSatelliteInView': 0, 'Metric': []}
2019-05-08 17:35:59,301 - config - INFO - {'ConstellationID': 1, 'ConstellationName': 'Galileo', 'SatelliteID': 13, 'Plane': 2, 'Name': '', 'AntennaMask': [], 'AntennaMaskMaximum': [], 'Kepler': <segments.KeplerSet object at 0x123363ba8>, 'PosVelECI': [0, 0, 0, 0, 0, 0], 'PosVelECF': [0, 0, 0, 0, 0, 0], 'LLA': [0, 0, 0], 'IdxStationInView': [], 'NumStationInView': 0, 'IdxSatelliteInView': [], 'NumSatelliteInView': 0, 'Metric': []}
2019-05-08 17:35:59,301 - config - INFO - {'ConstellationID': 1, 'ConstellationName': 'Galileo', 'SatelliteID': 14, 'Plane': 2, 'Name': '', 'AntennaMask': [], 'AntennaMaskMaximum': [], 'Kepler': <segments.KeplerSet object at 0x123363c18>, 'PosVelECI': [0, 0, 0, 0, 0, 0], 'PosVelECF': [0, 0, 0, 0, 0, 0], 'LLA': [0, 0, 0], 'IdxStationInView': [], 'NumStationInView': 0, 'IdxSatelliteInView': [], 'NumSatelliteInView': 0, 'Metric': []}
2019-05-08 17:35:59,301 - config - INFO - {'ConstellationID': 1, 'ConstellationName': 'Galileo', 'SatelliteID': 15, 'Plane': 2, 'Name': '', 'AntennaMask': [], 'AntennaMaskMaximum': [], 'Kepler': <segments.KeplerSet object at 0x123363c88>, 'PosVelECI': [0, 0, 0, 0, 0, 0], 'PosVelECF': [0, 0, 0, 0, 0, 0], 'LLA': [0, 0, 0], 'IdxStationInView': [], 'NumStationInView': 0, 'IdxSatelliteInView': [], 'NumSatelliteInView': 0, 'Metric': []}
2019-05-08 17:35:59,302 - config - INFO - {'ConstellationID': 1, 'ConstellationName': 'Galileo', 'SatelliteID': 16, 'Plane': 2, 'Name': '', 'AntennaMask': [], 'AntennaMaskMaximum': [], 'Kepler': <segments.KeplerSet object at 0x123363cf8>, 'PosVelECI': [0, 0, 0, 0, 0, 0], 'PosVelECF': [0, 0, 0, 0, 0, 0], 'LLA': [0, 0, 0], 'IdxStationInView': [], 'NumStationInView': 0, 'IdxSatelliteInView': [], 'NumSatelliteInView': 0, 'Metric': []}
2019-05-08 17:35:59,302 - config - INFO - {'ConstellationID': 1, 'ConstellationName': 'Galileo', 'SatelliteID': 17, 'Plane': 2, 'Name': '', 'AntennaMask': [], 'AntennaMaskMaximum': [], 'Kepler': <segments.KeplerSet object at 0x123363d68>, 'PosVelECI': [0, 0, 0, 0, 0, 0], 'PosVelECF': [0, 0, 0, 0, 0, 0], 'LLA': [0, 0, 0], 'IdxStationInView': [], 'NumStationInView': 0, 'IdxSatelliteInView': [], 'NumSatelliteInView': 0, 'Metric': []}
2019-05-08 17:35:59,302 - config - INFO - {'ConstellationID': 1, 'ConstellationName': 'Galileo', 'SatelliteID': 18, 'Plane': 2, 'Name': '', 'AntennaMask': [], 'AntennaMaskMaximum': [], 'Kepler': <segments.KeplerSet object at 0x123363dd8>, 'PosVelECI': [0, 0, 0, 0, 0, 0], 'PosVelECF': [0, 0, 0, 0, 0, 0], 'LLA': [0, 0, 0], 'IdxStationInView': [], 'NumStationInView': 0, 'IdxSatelliteInView': [], 'NumSatelliteInView': 0, 'Metric': []}
2019-05-08 17:35:59,302 - config - INFO - {'ConstellationID': 1, 'ConstellationName': 'Galileo', 'SatelliteID': 19, 'Plane': 2, 'Name': '', 'AntennaMask': [], 'AntennaMaskMaximum': [], 'Kepler': <segments.KeplerSet object at 0x123363e48>, 'PosVelECI': [0, 0, 0, 0, 0, 0], 'PosVelECF': [0, 0, 0, 0, 0, 0], 'LLA': [0, 0, 0], 'IdxStationInView': [], 'NumStationInView': 0, 'IdxSatelliteInView': [], 'NumSatelliteInView': 0, 'Metric': []}
2019-05-08 17:35:59,302 - config - INFO - {'ConstellationID': 1, 'ConstellationName': 'Galileo', 'SatelliteID': 20, 'Plane': 2, 'Name': '', 'AntennaMask': [], 'AntennaMaskMaximum': [], 'Kepler': <segments.KeplerSet object at 0x123363eb8>, 'PosVelECI': [0, 0, 0, 0, 0, 0], 'PosVelECF': [0, 0, 0, 0, 0, 0], 'LLA': [0, 0, 0], 'IdxStationInView': [], 'NumStationInView': 0, 'IdxSatelliteInView': [], 'NumSatelliteInView': 0, 'Metric': []}
2019-05-08 17:35:59,302 - config - INFO - {'ConstellationID': 1, 'ConstellationName': 'Galileo', 'SatelliteID': 21, 'Plane': 3, 'Name': '', 'AntennaMask': [], 'AntennaMaskMaximum': [], 'Kepler': <segments.KeplerSet object at 0x123363f28>, 'PosVelECI': [0, 0, 0, 0, 0, 0], 'PosVelECF': [0, 0, 0, 0, 0, 0], 'LLA': [0, 0, 0], 'IdxStationInView': [], 'NumStationInView': 0, 'IdxSatelliteInView': [], 'NumSatelliteInView': 0, 'Metric': []}
2019-05-08 17:35:59,302 - config - INFO - {'ConstellationID': 1, 'ConstellationName': 'Galileo', 'SatelliteID': 22, 'Plane': 3, 'Name': '', 'AntennaMask': [], 'AntennaMaskMaximum': [], 'Kepler': <segments.KeplerSet object at 0x123363f98>, 'PosVelECI': [0, 0, 0, 0, 0, 0], 'PosVelECF': [0, 0, 0, 0, 0, 0], 'LLA': [0, 0, 0], 'IdxStationInView': [], 'NumStationInView': 0, 'IdxSatelliteInView': [], 'NumSatelliteInView': 0, 'Metric': []}
2019-05-08 17:35:59,302 - config - INFO - {'ConstellationID': 1, 'ConstellationName': 'Galileo', 'SatelliteID': 23, 'Plane': 3, 'Name': '', 'AntennaMask': [], 'AntennaMaskMaximum': [], 'Kepler': <segments.KeplerSet object at 0x12336e048>, 'PosVelECI': [0, 0, 0, 0, 0, 0], 'PosVelECF': [0, 0, 0, 0, 0, 0], 'LLA': [0, 0, 0], 'IdxStationInView': [], 'NumStationInView': 0, 'IdxSatelliteInView': [], 'NumSatelliteInView': 0, 'Metric': []}
2019-05-08 17:35:59,302 - config - INFO - {'ConstellationID': 1, 'ConstellationName': 'Galileo', 'SatelliteID': 24, 'Plane': 3, 'Name': '', 'AntennaMask': [], 'AntennaMaskMaximum': [], 'Kepler': <segments.KeplerSet object at 0x12336e0b8>, 'PosVelECI': [0, 0, 0, 0, 0, 0], 'PosVelECF': [0, 0, 0, 0, 0, 0], 'LLA': [0, 0, 0], 'IdxStationInView': [], 'NumStationInView': 0, 'IdxSatelliteInView': [], 'NumSatelliteInView': 0, 'Metric': []}
2019-05-08 17:35:59,302 - config - INFO - {'ConstellationID': 1, 'ConstellationName': 'Galileo', 'SatelliteID': 25, 'Plane': 3, 'Name': '', 'AntennaMask': [], 'AntennaMaskMaximum': [], 'Kepler': <segments.KeplerSet object at 0x12336e128>, 'PosVelECI': [0, 0, 0, 0, 0, 0], 'PosVelECF': [0, 0, 0, 0, 0, 0], 'LLA': [0, 0, 0], 'IdxStationInView': [], 'NumStationInView': 0, 'IdxSatelliteInView': [], 'NumSatelliteInView': 0, 'Metric': []}
2019-05-08 17:35:59,302 - config - INFO - {'ConstellationID': 1, 'ConstellationName': 'Galileo', 'SatelliteID': 26, 'Plane': 3, 'Name': '', 'AntennaMask': [], 'AntennaMaskMaximum': [], 'Kepler': <segments.KeplerSet object at 0x12336e198>, 'PosVelECI': [0, 0, 0, 0, 0, 0], 'PosVelECF': [0, 0, 0, 0, 0, 0], 'LLA': [0, 0, 0], 'IdxStationInView': [], 'NumStationInView': 0, 'IdxSatelliteInView': [], 'NumSatelliteInView': 0, 'Metric': []}
2019-05-08 17:35:59,302 - config - INFO - {'ConstellationID': 1, 'ConstellationName': 'Galileo', 'SatelliteID': 27, 'Plane': 3, 'Name': '', 'AntennaMask': [], 'AntennaMaskMaximum': [], 'Kepler': <segments.KeplerSet object at 0x12336e208>, 'PosVelECI': [0, 0, 0, 0, 0, 0], 'PosVelECF': [0, 0, 0, 0, 0, 0], 'LLA': [0, 0, 0], 'IdxStationInView': [], 'NumStationInView': 0, 'IdxSatelliteInView': [], 'NumSatelliteInView': 0, 'Metric': []}
2019-05-08 17:35:59,302 - config - INFO - {'ConstellationID': 1, 'ConstellationName': 'Galileo', 'SatelliteID': 28, 'Plane': 3, 'Name': '', 'AntennaMask': [], 'AntennaMaskMaximum': [], 'Kepler': <segments.KeplerSet object at 0x12336e278>, 'PosVelECI': [0, 0, 0, 0, 0, 0], 'PosVelECF': [0, 0, 0, 0, 0, 0], 'LLA': [0, 0, 0], 'IdxStationInView': [], 'NumStationInView': 0, 'IdxSatelliteInView': [], 'NumSatelliteInView': 0, 'Metric': []}
2019-05-08 17:35:59,303 - config - INFO - {'ConstellationID': 1, 'ConstellationName': 'Galileo', 'SatelliteID': 29, 'Plane': 3, 'Name': '', 'AntennaMask': [], 'AntennaMaskMaximum': [], 'Kepler': <segments.KeplerSet object at 0x12336e2e8>, 'PosVelECI': [0, 0, 0, 0, 0, 0], 'PosVelECF': [0, 0, 0, 0, 0, 0], 'LLA': [0, 0, 0], 'IdxStationInView': [], 'NumStationInView': 0, 'IdxSatelliteInView': [], 'NumSatelliteInView': 0, 'Metric': []}
2019-05-08 17:35:59,303 - config - INFO - {'ConstellationID': 1, 'ConstellationName': 'Galileo', 'SatelliteID': 30, 'Plane': 3, 'Name': '', 'AntennaMask': [], 'AntennaMaskMaximum': [], 'Kepler': <segments.KeplerSet object at 0x12336e358>, 'PosVelECI': [0, 0, 0, 0, 0, 0], 'PosVelECF': [0, 0, 0, 0, 0, 0], 'LLA': [0, 0, 0], 'IdxStationInView': [], 'NumStationInView': 0, 'IdxSatelliteInView': [], 'NumSatelliteInView': 0, 'Metric': []}
2019-05-08 17:35:59,303 - config - INFO - {'ConstellationID': 1, 'ConstellationName': 'OrbComm', 'ConstellationType': 0, 'NumberOfPlanes': 3, 'Size': 0, 'TLEFileName': '', 'SP3FileName': '', 'NumOfSatellites': 30}
2019-05-08 17:35:59,303 - config - INFO - ['Found satellite:', '21576', 'Kepler Elements', "{'EpochMJD': 55687.6877857, 'SemiMajorAxis': 7136635.453908898, 'Eccentricity': 0.0004029, 'Inclination': 1.719376206017174, 'RAAN': 1.4123553372988513, 'ArgOfPerigee': 2.3460890338232976, 'MeanAnomaly': 3.9397491738193198}"]
2019-05-08 17:35:59,303 - config - INFO - ['Found satellite:', '23545', 'Kepler Elements', "{'EpochMJD': 55687.3936515, 'SemiMajorAxis': 7066471.766094682, 'Eccentricity': 0.0008162, 'Inclination': 1.2212417842054721, 'RAAN': 1.6971756179318058, 'ArgOfPerigee': 2.637559018906351, 'MeanAnomaly': 3.648366455198867}"]
2019-05-08 17:35:59,303 - config - INFO - ['Found satellite:', '23546', 'Kepler Elements', "{'EpochMJD': 55687.0980838, 'SemiMajorAxis': 7066826.360986357, 'Eccentricity': 0.0008234, 'Inclination': 1.2212766907905122, 'RAAN': 1.7468476884435644, 'ArgOfPerigee': 2.2807439066286297, 'MeanAnomaly': 4.005670259667146}"]
2019-05-08 17:35:59,303 - config - INFO - ['Found satellite:', '25112', 'Kepler Elements', "{'EpochMJD': 55687.8182647, 'SemiMajorAxis': 7155131.501869196, 'Eccentricity': 0.0008501, 'Inclination': 0.7856948693702873, 'RAAN': 4.778187893184876, 'ArgOfPerigee': 4.478986099515488, 'MeanAnomaly': 1.803972314861339}"]
2019-05-08 17:35:59,303 - config - INFO - ['Found satellite:', '25113', 'Kepler Elements', "{'EpochMJD': 55687.6438139, 'SemiMajorAxis': 7155131.501869196, 'Eccentricity': 0.000621, 'Inclination': 0.7857472292478471, 'RAAN': 4.806881106087662, 'ArgOfPerigee': 3.9091360987393395, 'MeanAnomaly': 2.3746426203859246}"]
2019-05-08 17:35:59,303 - config - INFO - ['Found satellite:', '25114', 'Kepler Elements', "{'EpochMJD': 55687.1474823, 'SemiMajorAxis': 7155264.522839871, 'Eccentricity': 0.0007162, 'Inclination': 0.7857297759553271, 'RAAN': 4.841159372596831, 'ArgOfPerigee': 3.957429359142022, 'MeanAnomaly': 2.3261748270580425}"]
2019-05-08 17:35:59,303 - config - INFO - ['Found satellite:', '25115', 'Kepler Elements', "{'EpochMJD': 55687.0608093, 'SemiMajorAxis': 7155164.756532268, 'Eccentricity': 0.000584, 'Inclination': 0.7857123226628072, 'RAAN': 4.843916992814982, 'ArgOfPerigee': 3.97057168840954, 'MeanAnomaly': 2.313207030715725}"]
2019-05-08 17:35:59,304 - config - INFO - ['Found satellite:', '25116', 'Kepler Elements', "{'EpochMJD': 55687.1389838, 'SemiMajorAxis': 7155164.756532268, 'Eccentricity': 0.0006282, 'Inclination': 0.7857472292478471, 'RAAN': 4.844283511957902, 'ArgOfPerigee': 3.725824167402375, 'MeanAnomaly': 2.5581814445256486}"]
2019-05-08 17:35:59,304 - config - INFO - ['Found satellite:', '25117', 'Kepler Elements', "{'EpochMJD': 55687.1041702, 'SemiMajorAxis': 7155131.501869196, 'Eccentricity': 0.0002562, 'Inclination': 0.7857297759553271, 'RAAN': 4.851840787619037, 'ArgOfPerigee': 4.057785791131697, 'MeanAnomaly': 2.226446713599086}"]
2019-05-08 17:35:59,304 - config - INFO - ['Found satellite:', '25118', 'Kepler Elements', "{'EpochMJD': 55687.165057, 'SemiMajorAxis': 7155164.756532268, 'Eccentricity': 0.0001727, 'Inclination': 0.7857297759553271, 'RAAN': 4.8445976712232595, 'ArgOfPerigee': 3.994203446481543, 'MeanAnomaly': 2.290186137881919}"]
2019-05-08 17:35:59,304 - config - INFO - ['Found satellite:', '25119', 'Kepler Elements', "{'EpochMJD': 55687.1131308, 'SemiMajorAxis': 7155164.756532268, 'Eccentricity': 0.0004211, 'Inclination': 0.7857123226628072, 'RAAN': 4.852451652857234, 'ArgOfPerigee': 3.950901827739564, 'MeanAnomaly': 2.3331386907734997}"]
2019-05-08 17:35:59,304 - config - INFO - ['Found satellite:', '25158', 'Kepler Elements', "{'EpochMJD': 55686.998764, 'SemiMajorAxis': 7184747.455679208, 'Eccentricity': 0.0049074, 'Inclination': 1.8842923670381182, 'RAAN': 0.8347560746438479, 'ArgOfPerigee': 1.61285876176796, 'MeanAnomaly': 4.682124971155108}"]
2019-05-08 17:35:59,304 - config - INFO - ['Found satellite:', '25159', 'Kepler Elements', "{'EpochMJD': 55687.074506, 'SemiMajorAxis': 7184713.856226098, 'Eccentricity': 0.0044751, 'Inclination': 1.8843098203306379, 'RAAN': 0.8340579429430501, 'ArgOfPerigee': 1.63436121815253, 'MeanAnomaly': 4.65974985014454}"]
2019-05-08 17:35:59,304 - config - INFO - ['Found satellite:', '25413', 'Kepler Elements', "{'EpochMJD': 55687.3946191, 'SemiMajorAxis': 7177867.771204302, 'Eccentricity': 0.0003385, 'Inclination': 0.7853283502273686, 'RAAN': 3.4310380567405327, 'ArgOfPerigee': 3.5349898669893145, 'MeanAnomaly': 2.749382264081627}"]
2019-05-08 17:35:59,304 - config - INFO - ['Found satellite:', '25414', 'Kepler Elements', "{'EpochMJD': 55687.4329005, 'SemiMajorAxis': 7176728.341999218, 'Eccentricity': 0.0005523, 'Inclination': 0.7853108969348486, 'RAAN': 3.4175815682076562, 'ArgOfPerigee': 3.2813062602119394, 'MeanAnomaly': 3.0031880439066425}"]
2019-05-08 17:35:59,304 - config - INFO - ['Found satellite:', '25415', 'Kepler Elements', "{'EpochMJD': 55686.8830024, 'SemiMajorAxis': 7176728.341999218, 'Eccentricity': 0.0004385, 'Inclination': 0.7853108969348486, 'RAAN': 3.4659620950729395, 'ArgOfPerigee': 3.28107936740918, 'MeanAnomaly': 3.003484749879482}"]
2019-05-08 17:35:59,304 - config - INFO - ['Found satellite:', '25416', 'Kepler Elements', "{'EpochMJD': 55687.4524809, 'SemiMajorAxis': 7176661.330833299, 'Eccentricity': 0.0002966, 'Inclination': 0.7853458035198885, 'RAAN': 3.4226604763309605, 'ArgOfPerigee': 3.833318996032706, 'MeanAnomaly': 2.4509135086980773}"]
2019-05-08 17:35:59,304 - config - INFO - ['Found satellite:', '25417', 'Kepler Elements', "{'EpochMJD': 55687.8823658, 'SemiMajorAxis': 7176694.836220726, 'Eccentricity': 0.0004873, 'Inclination': 0.7853632568124084, 'RAAN': 3.405050104178337, 'ArgOfPerigee': 3.790052283875766, 'MeanAnomaly': 2.4940056879298167}"]
2019-05-08 17:35:59,305 - config - INFO - ['Found satellite:', '25418', 'Kepler Elements', "{'EpochMJD': 55686.9129813, 'SemiMajorAxis': 7176661.330833299, 'Eccentricity': 0.0005665, 'Inclination': 0.7853632568124084, 'RAAN': 3.487918337063028, 'ArgOfPerigee': 3.5470675454131158, 'MeanAnomaly': 2.737130052732627}"]
2019-05-08 17:35:59,305 - config - INFO - ['Found satellite:', '25419', 'Kepler Elements', "{'EpochMJD': 55686.8529159, 'SemiMajorAxis': 7176694.836220726, 'Eccentricity': 0.0004329, 'Inclination': 0.7853632568124084, 'RAAN': 3.491600981784736, 'ArgOfPerigee': 3.5394230032893805, 'MeanAnomaly': 2.7448967679040015}"]
2019-05-08 17:35:59,305 - config - INFO - ['Found satellite:', '25420', 'Kepler Elements', "{'EpochMJD': 55687.9123477, 'SemiMajorAxis': 7176694.836220726, 'Eccentricity': 0.0005354, 'Inclination': 0.7853807101049284, 'RAAN': 3.411979061308754, 'ArgOfPerigee': 3.495615239064323, 'MeanAnomaly': 2.7886347189589795}"]
2019-05-08 17:35:59,305 - config - INFO - ['Found satellite:', '25475', 'Kepler Elements', "{'EpochMJD': 55687.1316008, 'SemiMajorAxis': 7173011.586424733, 'Eccentricity': 0.0004819, 'Inclination': 0.7855901496151677, 'RAAN': 4.969092006768016, 'ArgOfPerigee': 1.8539585446384568, 'MeanAnomaly': 4.431617863616362}"]
2019-05-08 17:35:59,305 - config - INFO - ['Found satellite:', '25476', 'Kepler Elements', "{'EpochMJD': 55686.8174683, 'SemiMajorAxis': 7173011.586424733, 'Eccentricity': 0.0003432, 'Inclination': 0.7855901496151677, 'RAAN': 5.001537677562591, 'ArgOfPerigee': 2.355705798001787, 'MeanAnomaly': 3.9294691845250735}"]
2019-05-08 17:35:59,305 - config - INFO - ['Found satellite:', '25477', 'Kepler Elements', "{'EpochMJD': 55687.7138102, 'SemiMajorAxis': 7173011.586424733, 'Eccentricity': 0.0003848, 'Inclination': 0.7855901496151677, 'RAAN': 4.923643633046083, 'ArgOfPerigee': 2.3168547688523926, 'MeanAnomaly': 3.968372573552027}"]
2019-05-08 17:35:59,305 - config - INFO - ['Found satellite:', '25478', 'Kepler Elements', "{'EpochMJD': 55687.1435168, 'SemiMajorAxis': 7173011.586424733, 'Eccentricity': 0.0002946, 'Inclination': 0.7856076029076876, 'RAAN': 4.974485074156678, 'ArgOfPerigee': 2.5008822851826746, 'MeanAnomaly': 3.784118164418986}"]
2019-05-08 17:35:59,305 - config - INFO - ['Found satellite:', '25479', 'Kepler Elements', "{'EpochMJD': 55686.9685054, 'SemiMajorAxis': 7173045.049229723, 'Eccentricity': 0.0004952, 'Inclination': 0.7855901496151677, 'RAAN': 4.977626666810268, 'ArgOfPerigee': 2.650404642201029, 'MeanAnomaly': 3.6347354337407913}"]
2019-05-08 17:35:59,305 - config - INFO - ['Found satellite:', '25480', 'Kepler Elements', "{'EpochMJD': 55687.0939121, 'SemiMajorAxis': 7172041.334815133, 'Eccentricity': 0.0007111, 'Inclination': 0.7855552430301278, 'RAAN': 4.799550723229287, 'ArgOfPerigee': 3.0430164574371537, 'MeanAnomaly': 3.2417745526542676}"]
2019-05-08 17:35:59,305 - config - INFO - ['Found satellite:', '25481', 'Kepler Elements', "{'EpochMJD': 55686.8400644, 'SemiMajorAxis': 7173045.049229723, 'Eccentricity': 0.0002407, 'Inclination': 0.7855726963226476, 'RAAN': 4.982356509083173, 'ArgOfPerigee': 1.9298978203927297, 'MeanAnomaly': 4.3548233765286115}"]
2019-05-08 17:35:59,305 - config - INFO - ['Found satellite:', '25482', 'Kepler Elements', "{'EpochMJD': 55687.6465196, 'SemiMajorAxis': 7169266.220150292, 'Eccentricity': 0.0005691, 'Inclination': 0.7855901496151677, 'RAAN': 4.402191612427737, 'ArgOfPerigee': 3.088674270669325, 'MeanAnomaly': 3.1960643795445365}"]
2019-05-08 17:35:59,305 - config - INFO - ['Found satellite:', '25980', 'Kepler Elements', "{'EpochMJD': 55687.109201, 'SemiMajorAxis': 7173446.6333328225, 'Eccentricity': 0.0006443, 'Inclination': 0.7859566687580865, 'RAAN': 1.5713897387405746, 'ArgOfPerigee': 5.510615313784297, 'MeanAnomaly': 0.7731634053409681}"]
2019-05-08 17:35:59,306 - config - INFO - ['Found satellite:', '25981', 'Kepler Elements', "{'EpochMJD': 55687.1659702, 'SemiMajorAxis': 7173379.69874573, 'Eccentricity': 0.0005986, 'Inclination': 0.7858170424179268, 'RAAN': 1.5221889071268544, 'ArgOfPerigee': 5.590638659988237, 'MeanAnomaly': 0.6932622321846676}"]
2019-05-08 17:35:59,306 - config - INFO - ['Found satellite:', '25982', 'Kepler Elements', "{'EpochMJD': 55687.5361233, 'SemiMajorAxis': 7172007.883714886, 'Eccentricity': 0.0007757, 'Inclination': 0.7857821358328869, 'RAAN': 1.470946040288301, 'ArgOfPerigee': 5.7093385024163705, 'MeanAnomaly': 0.5744576700014137}"]
2019-05-08 17:35:59,306 - config - INFO - ['Found satellite:', '25983', 'Kepler Elements', "{'EpochMJD': 55687.3336925, 'SemiMajorAxis': 7173513.5694813505, 'Eccentricity': 0.0005293, 'Inclination': 0.7859217621730465, 'RAAN': 1.5473565549406125, 'ArgOfPerigee': 5.43251182975755, 'MeanAnomaly': 0.8513192492452741}"]
2019-05-08 17:35:59,306 - config - INFO - ['Found satellite:', '25984', 'Kepler Elements', "{'EpochMJD': 55687.151987, 'SemiMajorAxis': 7173413.1658441005, 'Eccentricity': 0.0004943, 'Inclination': 0.7860613885132061, 'RAAN': 1.593520513655863, 'ArgOfPerigee': 4.442753064244085, 'MeanAnomaly': 1.840955841711099}"]
2019-05-08 17:35:59,306 - config - INFO - ['Found satellite:', '25985', 'Kepler Elements', "{'EpochMJD': 55687.6266899, 'SemiMajorAxis': 7173413.1658441005, 'Eccentricity': 0.0004463, 'Inclination': 0.786131201683286, 'RAAN': 1.5703949010669378, 'ArgOfPerigee': 5.501312708871167, 'MeanAnomaly': 0.782692903056857}"]
2019-05-08 17:35:59,306 - config - INFO - ['Found satellite:', '25986', 'Kepler Elements', "{'EpochMJD': 55687.5425404, 'SemiMajorAxis': 7173446.6333328225, 'Eccentricity': 0.0006359, 'Inclination': 0.7860962950982461, 'RAAN': 1.5676721874338266, 'ArgOfPerigee': 5.147953348512395, 'MeanAnomaly': 1.1355461179325506}"]
2019-05-08 17:35:59,306 - config - INFO - ['Found satellite:', '33060', 'Kepler Elements', "{'EpochMJD': 55687.0373447, 'SemiMajorAxis': 7042974.612918274, 'Eccentricity': 0.0006741, 'Inclination': 0.8455422094211728, 'RAAN': 0.11643091440054174, 'ArgOfPerigee': 5.864672805843866, 'MeanAnomaly': 0.41952479230187695}"]
2019-05-08 17:35:59,306 - config - INFO - ['Found satellite:', '33061', 'Kepler Elements', "{'EpochMJD': 55687.9420985, 'SemiMajorAxis': 7043070.514315173, 'Eccentricity': 0.0005966, 'Inclination': 0.8455945692987326, 'RAAN': 0.048328166987722986, 'ArgOfPerigee': 5.788209931313994, 'MeanAnomaly': 0.49595276024670865}"]
2019-05-08 17:35:59,306 - config - INFO - ['Found satellite:', '33062', 'Kepler Elements', "{'EpochMJD': 55687.0464577, 'SemiMajorAxis': 7044157.625022109, 'Eccentricity': 0.0007687, 'Inclination': 0.8455247561286529, 'RAAN': 0.1423839603776974, 'ArgOfPerigee': 5.730422079780462, 'MeanAnomaly': 0.5534613590999218}"]
2019-05-08 17:35:59,306 - config - INFO - ['Found satellite:', '33063', 'Kepler Elements', "{'EpochMJD': 55686.989093, 'SemiMajorAxis': 7044797.297894609, 'Eccentricity': 0.0009682, 'Inclination': 0.8455247561286529, 'RAAN': 0.1609019037413572, 'ArgOfPerigee': 5.6332246937368975, 'MeanAnomaly': 0.6503271325856071}"]
2019-05-08 17:35:59,306 - config - INFO - ['Found satellite:', '33064', 'Kepler Elements', "{'EpochMJD': 55687.4150216, 'SemiMajorAxis': 7043901.796528468, 'Eccentricity': 0.000764, 'Inclination': 0.8455247561286529, 'RAAN': 0.10470230182713983, 'ArgOfPerigee': 5.811719516338358, 'MeanAnomaly': 0.47232100217470546}"]
2019-05-08 17:35:59,306 - config - INFO - ['Found satellite:', '33065', 'Kepler Elements', "{'EpochMJD': 55687.9419799, 'SemiMajorAxis': 7044861.273169183, 'Eccentricity': 0.0008888, 'Inclination': 0.8455771160062127, 'RAAN': 0.08672541053159824, 'ArgOfPerigee': 5.854759335692537, 'MeanAnomaly': 0.42922882294296544}"]
2019-05-08 17:35:59,307 - config - INFO - {'ConstellationID': 1, 'GroundStationID': 1, 'GroundStationName': 'OBE', 'ReceiverConstellation': '1', 'ElevationMask': [0.08726646259971647], 'ElevationMaskMaximum': [1.5707963267948966], 'PosVelECI': [0, 0, 0, 0, 0, 0], 'PosVelECF': [4187353.394338386, 833828.1113503784, 4722407.796110571, 0, 0, 0], 'LLA': [0.8390565659207619, 0.1965589803596014, 0.0], 'IdxSatInView': [999999, 999999, 999999, 999999, 999999, 999999, 999999, 999999, 999999, 999999, 999999, 999999, 999999, 999999, 999999, 999999, 999999, 999999, 999999, 999999, 999999, 999999, 999999, 999999, 999999, 999999, 999999, 999999, 999999, 999999], 'NumSatInView': 0}
2019-05-08 17:35:59,307 - config - INFO - {'ConstellationID': 1, 'GroundStationID': 2, 'GroundStationName': 'FUC', 'ReceiverConstellation': '1', 'ElevationMask': [0.08726646259971647], 'ElevationMaskMaximum': [1.5707963267948966], 'PosVelECI': [0, 0, 0, 0, 0, 0], 'PosVelECF': [4615289.679139419, 1112037.966151181, 4245191.102340735, 0, 0, 0], 'LLA': [0.7329510193750186, 0.23643975376767182, 0.0], 'IdxSatInView': [999999, 999999, 999999, 999999, 999999, 999999, 999999, 999999, 999999, 999999, 999999, 999999, 999999, 999999, 999999, 999999, 999999, 999999, 999999, 999999, 999999, 999999, 999999, 999999, 999999, 999999, 999999, 999999, 999999, 999999], 'NumSatInView': 0}
2019-05-08 17:35:59,308 - config - INFO - {'Type': 'Static', 'UserID': 0, 'UserName': '', 'ReceiverConstellation': '111', 'ElevationMask': [0.08726646259971647], 'ElevationMaskMaximum': [1.5707963267948966], 'PosVelECI': [0, 0, 0, 0, 0, 0], 'PosVelECF': [4092232.4281586837, 358023.94597705005, 4862789.037657535], 'LLA': [0.8726646259971648, 0.08726646259971647, 0.0], 'IdxSatInView': [999999, 999999, 999999, 999999, 999999, 999999, 999999, 999999, 999999, 999999, 999999, 999999, 999999, 999999, 999999, 999999, 999999, 999999, 999999, 999999, 999999, 999999, 999999, 999999, 999999, 999999, 999999, 999999, 999999, 999999], 'NumSatInView': 0, 'TLEFileName': '', 'Kepler': <segments.KeplerSet object at 0x123362be0>, 'Metric': []}
2019-05-08 17:35:59,308 - config - INFO - ['Loaded: ', 60, ' number of Ground Station to Spacecraft links']
2019-05-08 17:35:59,308 - config - INFO - ['Loaded: ', 30, ' number of User to Spacecraft links']
2019-05-08 17:35:59,309 - config - INFO - ['Loaded: ', 900, ' number of Spacecraft to Spacecraft links']
2019-05-08 17:35:59,310 - config - INFO - ['Loaded simulation, start:', '56420.0', 'stop:', '56421.0', 'TimeStep', '3600']
2019-05-08 17:35:59,311 - main - INFO - Starting Simulation
2019-05-08 17:35:59,311 - main - INFO - ['Simulation time MJD:', 56420.0]
2019-05-08 17:35:59,315 - main - INFO - ['Simulation time MJD:', 56420.041666666664]
2019-05-08 17:35:59,317 - main - INFO - ['Simulation time MJD:', 56420.08333333333]
2019-05-08 17:35:59,319 - main - INFO - ['Simulation time MJD:', 56420.12499999999]
2019-05-08 17:35:59,321 - main - INFO - ['Simulation time MJD:', 56420.16666666666]
2019-05-08 17:35:59,323 - main - INFO - ['Simulation time MJD:', 56420.20833333332]
2019-05-08 17:35:59,325 - main - INFO - ['Simulation time MJD:', 56420.249999999985]
2019-05-08 17:35:59,328 - main - INFO - ['Simulation time MJD:', 56420.29166666665]
2019-05-08 17:35:59,330 - main - INFO - ['Simulation time MJD:', 56420.333333333314]
2019-05-08 17:35:59,332 - main - INFO - ['Simulation time MJD:', 56420.37499999998]
2019-05-08 17:35:59,334 - main - INFO - ['Simulation time MJD:', 56420.41666666664]
2019-05-08 17:35:59,336 - main - INFO - ['Simulation time MJD:', 56420.45833333331]
2019-05-08 17:35:59,339 - main - INFO - ['Simulation time MJD:', 56420.49999999997]
2019-05-08 17:35:59,341 - main - INFO - ['Simulation time MJD:', 56420.541666666635]
2019-05-08 17:35:59,343 - main - INFO - ['Simulation time MJD:', 56420.5833333333]
2019-05-08 17:35:59,346 - main - INFO - ['Simulation time MJD:', 56420.62499999996]
2019-05-08 17:35:59,348 - main - INFO - ['Simulation time MJD:', 56420.66666666663]
2019-05-08 17:35:59,350 - main - INFO - ['Simulation time MJD:', 56420.70833333329]
2019-05-08 17:35:59,352 - main - INFO - ['Simulation time MJD:', 56420.749999999956]
2019-05-08 17:35:59,355 - main - INFO - ['Simulation time MJD:', 56420.79166666662]
2019-05-08 17:35:59,357 - main - INFO - ['Simulation time MJD:', 56420.833333333285]
2019-05-08 17:35:59,359 - main - INFO - ['Simulation time MJD:', 56420.87499999995]
2019-05-08 17:35:59,361 - main - INFO - ['Simulation time MJD:', 56420.91666666661]
2019-05-08 17:35:59,364 - main - INFO - ['Simulation time MJD:', 56420.95833333328]
2019-05-08 17:35:59,366 - main - INFO - ['Plot Analysis:', 0]
