2019-05-12 17:06:15,094 - main - INFO - Read configuration file
2019-05-12 17:06:15,095 - main - INFO - {'ConstellationID': 1, 'ConstellationName': 'Galileo', 'ConstellationType': 0, 'NumberOfPlanes': 3, 'Size': 0, 'TLEFileName': '', 'SP3FileName': '', 'NumOfSatellites': 30}
2019-05-12 17:06:15,095 - main - INFO - {'ConstellationID': 1, 'ConstellationName': 'Galileo', 'SatelliteID': 1, 'Plane': 1, 'Name': '', 'AntennaMask': [], 'AntennaMaskMaximum': [], 'Kepler': <segments.KeplerSet object at 0x1187f0048>, 'PosVelECI': [0, 0, 0, 0, 0, 0], 'PosVelECF': [0, 0, 0, 0, 0, 0], 'LLA': [0, 0, 0], 'IdxStationInView': [], 'NumStationInView': 0, 'IdxSatelliteInView': [], 'NumSatelliteInView': 0, 'Metric': []}
2019-05-12 17:06:15,095 - main - INFO - {'ConstellationID': 1, 'ConstellationName': 'Galileo', 'SatelliteID': 2, 'Plane': 1, 'Name': '', 'AntennaMask': [], 'AntennaMaskMaximum': [], 'Kepler': <segments.KeplerSet object at 0x1188094a8>, 'PosVelECI': [0, 0, 0, 0, 0, 0], 'PosVelECF': [0, 0, 0, 0, 0, 0], 'LLA': [0, 0, 0], 'IdxStationInView': [], 'NumStationInView': 0, 'IdxSatelliteInView': [], 'NumSatelliteInView': 0, 'Metric': []}
2019-05-12 17:06:15,096 - main - INFO - {'ConstellationID': 1, 'ConstellationName': 'Galileo', 'SatelliteID': 3, 'Plane': 1, 'Name': '', 'AntennaMask': [], 'AntennaMaskMaximum': [], 'Kepler': <segments.KeplerSet object at 0x1188097b8>, 'PosVelECI': [0, 0, 0, 0, 0, 0], 'PosVelECF': [0, 0, 0, 0, 0, 0], 'LLA': [0, 0, 0], 'IdxStationInView': [], 'NumStationInView': 0, 'IdxSatelliteInView': [], 'NumSatelliteInView': 0, 'Metric': []}
2019-05-12 17:06:15,096 - main - INFO - {'ConstellationID': 1, 'ConstellationName': 'Galileo', 'SatelliteID': 4, 'Plane': 1, 'Name': '', 'AntennaMask': [], 'AntennaMaskMaximum': [], 'Kepler': <segments.KeplerSet object at 0x118809828>, 'PosVelECI': [0, 0, 0, 0, 0, 0], 'PosVelECF': [0, 0, 0, 0, 0, 0], 'LLA': [0, 0, 0], 'IdxStationInView': [], 'NumStationInView': 0, 'IdxSatelliteInView': [], 'NumSatelliteInView': 0, 'Metric': []}
2019-05-12 17:06:15,096 - main - INFO - {'ConstellationID': 1, 'ConstellationName': 'Galileo', 'SatelliteID': 5, 'Plane': 1, 'Name': '', 'AntennaMask': [], 'AntennaMaskMaximum': [], 'Kepler': <segments.KeplerSet object at 0x118809898>, 'PosVelECI': [0, 0, 0, 0, 0, 0], 'PosVelECF': [0, 0, 0, 0, 0, 0], 'LLA': [0, 0, 0], 'IdxStationInView': [], 'NumStationInView': 0, 'IdxSatelliteInView': [], 'NumSatelliteInView': 0, 'Metric': []}
2019-05-12 17:06:15,096 - main - INFO - {'ConstellationID': 1, 'ConstellationName': 'Galileo', 'SatelliteID': 6, 'Plane': 1, 'Name': '', 'AntennaMask': [], 'AntennaMaskMaximum': [], 'Kepler': <segments.KeplerSet object at 0x118809908>, 'PosVelECI': [0, 0, 0, 0, 0, 0], 'PosVelECF': [0, 0, 0, 0, 0, 0], 'LLA': [0, 0, 0], 'IdxStationInView': [], 'NumStationInView': 0, 'IdxSatelliteInView': [], 'NumSatelliteInView': 0, 'Metric': []}
2019-05-12 17:06:15,096 - main - INFO - {'ConstellationID': 1, 'ConstellationName': 'Galileo', 'SatelliteID': 7, 'Plane': 1, 'Name': '', 'AntennaMask': [], 'AntennaMaskMaximum': [], 'Kepler': <segments.KeplerSet object at 0x118809978>, 'PosVelECI': [0, 0, 0, 0, 0, 0], 'PosVelECF': [0, 0, 0, 0, 0, 0], 'LLA': [0, 0, 0], 'IdxStationInView': [], 'NumStationInView': 0, 'IdxSatelliteInView': [], 'NumSatelliteInView': 0, 'Metric': []}
2019-05-12 17:06:15,096 - main - INFO - {'ConstellationID': 1, 'ConstellationName': 'Galileo', 'SatelliteID': 8, 'Plane': 1, 'Name': '', 'AntennaMask': [], 'AntennaMaskMaximum': [], 'Kepler': <segments.KeplerSet object at 0x1188099e8>, 'PosVelECI': [0, 0, 0, 0, 0, 0], 'PosVelECF': [0, 0, 0, 0, 0, 0], 'LLA': [0, 0, 0], 'IdxStationInView': [], 'NumStationInView': 0, 'IdxSatelliteInView': [], 'NumSatelliteInView': 0, 'Metric': []}
2019-05-12 17:06:15,096 - main - INFO - {'ConstellationID': 1, 'ConstellationName': 'Galileo', 'SatelliteID': 9, 'Plane': 1, 'Name': '', 'AntennaMask': [], 'AntennaMaskMaximum': [], 'Kepler': <segments.KeplerSet object at 0x118809a58>, 'PosVelECI': [0, 0, 0, 0, 0, 0], 'PosVelECF': [0, 0, 0, 0, 0, 0], 'LLA': [0, 0, 0], 'IdxStationInView': [], 'NumStationInView': 0, 'IdxSatelliteInView': [], 'NumSatelliteInView': 0, 'Metric': []}
2019-05-12 17:06:15,096 - main - INFO - {'ConstellationID': 1, 'ConstellationName': 'Galileo', 'SatelliteID': 10, 'Plane': 1, 'Name': '', 'AntennaMask': [], 'AntennaMaskMaximum': [], 'Kepler': <segments.KeplerSet object at 0x118809ac8>, 'PosVelECI': [0, 0, 0, 0, 0, 0], 'PosVelECF': [0, 0, 0, 0, 0, 0], 'LLA': [0, 0, 0], 'IdxStationInView': [], 'NumStationInView': 0, 'IdxSatelliteInView': [], 'NumSatelliteInView': 0, 'Metric': []}
2019-05-12 17:06:15,096 - main - INFO - {'ConstellationID': 1, 'ConstellationName': 'Galileo', 'SatelliteID': 11, 'Plane': 2, 'Name': '', 'AntennaMask': [], 'AntennaMaskMaximum': [], 'Kepler': <segments.KeplerSet object at 0x118809b38>, 'PosVelECI': [0, 0, 0, 0, 0, 0], 'PosVelECF': [0, 0, 0, 0, 0, 0], 'LLA': [0, 0, 0], 'IdxStationInView': [], 'NumStationInView': 0, 'IdxSatelliteInView': [], 'NumSatelliteInView': 0, 'Metric': []}
2019-05-12 17:06:15,096 - main - INFO - {'ConstellationID': 1, 'ConstellationName': 'Galileo', 'SatelliteID': 12, 'Plane': 2, 'Name': '', 'AntennaMask': [], 'AntennaMaskMaximum': [], 'Kepler': <segments.KeplerSet object at 0x118809ba8>, 'PosVelECI': [0, 0, 0, 0, 0, 0], 'PosVelECF': [0, 0, 0, 0, 0, 0], 'LLA': [0, 0, 0], 'IdxStationInView': [], 'NumStationInView': 0, 'IdxSatelliteInView': [], 'NumSatelliteInView': 0, 'Metric': []}
2019-05-12 17:06:15,097 - main - INFO - {'ConstellationID': 1, 'ConstellationName': 'Galileo', 'SatelliteID': 13, 'Plane': 2, 'Name': '', 'AntennaMask': [], 'AntennaMaskMaximum': [], 'Kepler': <segments.KeplerSet object at 0x118809c18>, 'PosVelECI': [0, 0, 0, 0, 0, 0], 'PosVelECF': [0, 0, 0, 0, 0, 0], 'LLA': [0, 0, 0], 'IdxStationInView': [], 'NumStationInView': 0, 'IdxSatelliteInView': [], 'NumSatelliteInView': 0, 'Metric': []}
2019-05-12 17:06:15,097 - main - INFO - {'ConstellationID': 1, 'ConstellationName': 'Galileo', 'SatelliteID': 14, 'Plane': 2, 'Name': '', 'AntennaMask': [], 'AntennaMaskMaximum': [], 'Kepler': <segments.KeplerSet object at 0x118809c88>, 'PosVelECI': [0, 0, 0, 0, 0, 0], 'PosVelECF': [0, 0, 0, 0, 0, 0], 'LLA': [0, 0, 0], 'IdxStationInView': [], 'NumStationInView': 0, 'IdxSatelliteInView': [], 'NumSatelliteInView': 0, 'Metric': []}
2019-05-12 17:06:15,097 - main - INFO - {'ConstellationID': 1, 'ConstellationName': 'Galileo', 'SatelliteID': 15, 'Plane': 2, 'Name': '', 'AntennaMask': [], 'AntennaMaskMaximum': [], 'Kepler': <segments.KeplerSet object at 0x118809cf8>, 'PosVelECI': [0, 0, 0, 0, 0, 0], 'PosVelECF': [0, 0, 0, 0, 0, 0], 'LLA': [0, 0, 0], 'IdxStationInView': [], 'NumStationInView': 0, 'IdxSatelliteInView': [], 'NumSatelliteInView': 0, 'Metric': []}
2019-05-12 17:06:15,097 - main - INFO - {'ConstellationID': 1, 'ConstellationName': 'Galileo', 'SatelliteID': 16, 'Plane': 2, 'Name': '', 'AntennaMask': [], 'AntennaMaskMaximum': [], 'Kepler': <segments.KeplerSet object at 0x118809d68>, 'PosVelECI': [0, 0, 0, 0, 0, 0], 'PosVelECF': [0, 0, 0, 0, 0, 0], 'LLA': [0, 0, 0], 'IdxStationInView': [], 'NumStationInView': 0, 'IdxSatelliteInView': [], 'NumSatelliteInView': 0, 'Metric': []}
2019-05-12 17:06:15,097 - main - INFO - {'ConstellationID': 1, 'ConstellationName': 'Galileo', 'SatelliteID': 17, 'Plane': 2, 'Name': '', 'AntennaMask': [], 'AntennaMaskMaximum': [], 'Kepler': <segments.KeplerSet object at 0x118809dd8>, 'PosVelECI': [0, 0, 0, 0, 0, 0], 'PosVelECF': [0, 0, 0, 0, 0, 0], 'LLA': [0, 0, 0], 'IdxStationInView': [], 'NumStationInView': 0, 'IdxSatelliteInView': [], 'NumSatelliteInView': 0, 'Metric': []}
2019-05-12 17:06:15,097 - main - INFO - {'ConstellationID': 1, 'ConstellationName': 'Galileo', 'SatelliteID': 18, 'Plane': 2, 'Name': '', 'AntennaMask': [], 'AntennaMaskMaximum': [], 'Kepler': <segments.KeplerSet object at 0x118809e48>, 'PosVelECI': [0, 0, 0, 0, 0, 0], 'PosVelECF': [0, 0, 0, 0, 0, 0], 'LLA': [0, 0, 0], 'IdxStationInView': [], 'NumStationInView': 0, 'IdxSatelliteInView': [], 'NumSatelliteInView': 0, 'Metric': []}
2019-05-12 17:06:15,097 - main - INFO - {'ConstellationID': 1, 'ConstellationName': 'Galileo', 'SatelliteID': 19, 'Plane': 2, 'Name': '', 'AntennaMask': [], 'AntennaMaskMaximum': [], 'Kepler': <segments.KeplerSet object at 0x118809eb8>, 'PosVelECI': [0, 0, 0, 0, 0, 0], 'PosVelECF': [0, 0, 0, 0, 0, 0], 'LLA': [0, 0, 0], 'IdxStationInView': [], 'NumStationInView': 0, 'IdxSatelliteInView': [], 'NumSatelliteInView': 0, 'Metric': []}
2019-05-12 17:06:15,097 - main - INFO - {'ConstellationID': 1, 'ConstellationName': 'Galileo', 'SatelliteID': 20, 'Plane': 2, 'Name': '', 'AntennaMask': [], 'AntennaMaskMaximum': [], 'Kepler': <segments.KeplerSet object at 0x118809f28>, 'PosVelECI': [0, 0, 0, 0, 0, 0], 'PosVelECF': [0, 0, 0, 0, 0, 0], 'LLA': [0, 0, 0], 'IdxStationInView': [], 'NumStationInView': 0, 'IdxSatelliteInView': [], 'NumSatelliteInView': 0, 'Metric': []}
2019-05-12 17:06:15,097 - main - INFO - {'ConstellationID': 1, 'ConstellationName': 'Galileo', 'SatelliteID': 21, 'Plane': 3, 'Name': '', 'AntennaMask': [], 'AntennaMaskMaximum': [], 'Kepler': <segments.KeplerSet object at 0x118809f98>, 'PosVelECI': [0, 0, 0, 0, 0, 0], 'PosVelECF': [0, 0, 0, 0, 0, 0], 'LLA': [0, 0, 0], 'IdxStationInView': [], 'NumStationInView': 0, 'IdxSatelliteInView': [], 'NumSatelliteInView': 0, 'Metric': []}
2019-05-12 17:06:15,097 - main - INFO - {'ConstellationID': 1, 'ConstellationName': 'Galileo', 'SatelliteID': 22, 'Plane': 3, 'Name': '', 'AntennaMask': [], 'AntennaMaskMaximum': [], 'Kepler': <segments.KeplerSet object at 0x118811048>, 'PosVelECI': [0, 0, 0, 0, 0, 0], 'PosVelECF': [0, 0, 0, 0, 0, 0], 'LLA': [0, 0, 0], 'IdxStationInView': [], 'NumStationInView': 0, 'IdxSatelliteInView': [], 'NumSatelliteInView': 0, 'Metric': []}
2019-05-12 17:06:15,098 - main - INFO - {'ConstellationID': 1, 'ConstellationName': 'Galileo', 'SatelliteID': 23, 'Plane': 3, 'Name': '', 'AntennaMask': [], 'AntennaMaskMaximum': [], 'Kepler': <segments.KeplerSet object at 0x1188110b8>, 'PosVelECI': [0, 0, 0, 0, 0, 0], 'PosVelECF': [0, 0, 0, 0, 0, 0], 'LLA': [0, 0, 0], 'IdxStationInView': [], 'NumStationInView': 0, 'IdxSatelliteInView': [], 'NumSatelliteInView': 0, 'Metric': []}
2019-05-12 17:06:15,098 - main - INFO - {'ConstellationID': 1, 'ConstellationName': 'Galileo', 'SatelliteID': 24, 'Plane': 3, 'Name': '', 'AntennaMask': [], 'AntennaMaskMaximum': [], 'Kepler': <segments.KeplerSet object at 0x118811128>, 'PosVelECI': [0, 0, 0, 0, 0, 0], 'PosVelECF': [0, 0, 0, 0, 0, 0], 'LLA': [0, 0, 0], 'IdxStationInView': [], 'NumStationInView': 0, 'IdxSatelliteInView': [], 'NumSatelliteInView': 0, 'Metric': []}
2019-05-12 17:06:15,098 - main - INFO - {'ConstellationID': 1, 'ConstellationName': 'Galileo', 'SatelliteID': 25, 'Plane': 3, 'Name': '', 'AntennaMask': [], 'AntennaMaskMaximum': [], 'Kepler': <segments.KeplerSet object at 0x118811198>, 'PosVelECI': [0, 0, 0, 0, 0, 0], 'PosVelECF': [0, 0, 0, 0, 0, 0], 'LLA': [0, 0, 0], 'IdxStationInView': [], 'NumStationInView': 0, 'IdxSatelliteInView': [], 'NumSatelliteInView': 0, 'Metric': []}
2019-05-12 17:06:15,098 - main - INFO - {'ConstellationID': 1, 'ConstellationName': 'Galileo', 'SatelliteID': 26, 'Plane': 3, 'Name': '', 'AntennaMask': [], 'AntennaMaskMaximum': [], 'Kepler': <segments.KeplerSet object at 0x118811208>, 'PosVelECI': [0, 0, 0, 0, 0, 0], 'PosVelECF': [0, 0, 0, 0, 0, 0], 'LLA': [0, 0, 0], 'IdxStationInView': [], 'NumStationInView': 0, 'IdxSatelliteInView': [], 'NumSatelliteInView': 0, 'Metric': []}
2019-05-12 17:06:15,098 - main - INFO - {'ConstellationID': 1, 'ConstellationName': 'Galileo', 'SatelliteID': 27, 'Plane': 3, 'Name': '', 'AntennaMask': [], 'AntennaMaskMaximum': [], 'Kepler': <segments.KeplerSet object at 0x118811278>, 'PosVelECI': [0, 0, 0, 0, 0, 0], 'PosVelECF': [0, 0, 0, 0, 0, 0], 'LLA': [0, 0, 0], 'IdxStationInView': [], 'NumStationInView': 0, 'IdxSatelliteInView': [], 'NumSatelliteInView': 0, 'Metric': []}
2019-05-12 17:06:15,098 - main - INFO - {'ConstellationID': 1, 'ConstellationName': 'Galileo', 'SatelliteID': 28, 'Plane': 3, 'Name': '', 'AntennaMask': [], 'AntennaMaskMaximum': [], 'Kepler': <segments.KeplerSet object at 0x1188112e8>, 'PosVelECI': [0, 0, 0, 0, 0, 0], 'PosVelECF': [0, 0, 0, 0, 0, 0], 'LLA': [0, 0, 0], 'IdxStationInView': [], 'NumStationInView': 0, 'IdxSatelliteInView': [], 'NumSatelliteInView': 0, 'Metric': []}
2019-05-12 17:06:15,098 - main - INFO - {'ConstellationID': 1, 'ConstellationName': 'Galileo', 'SatelliteID': 29, 'Plane': 3, 'Name': '', 'AntennaMask': [], 'AntennaMaskMaximum': [], 'Kepler': <segments.KeplerSet object at 0x118811358>, 'PosVelECI': [0, 0, 0, 0, 0, 0], 'PosVelECF': [0, 0, 0, 0, 0, 0], 'LLA': [0, 0, 0], 'IdxStationInView': [], 'NumStationInView': 0, 'IdxSatelliteInView': [], 'NumSatelliteInView': 0, 'Metric': []}
2019-05-12 17:06:15,098 - main - INFO - {'ConstellationID': 1, 'ConstellationName': 'Galileo', 'SatelliteID': 30, 'Plane': 3, 'Name': '', 'AntennaMask': [], 'AntennaMaskMaximum': [], 'Kepler': <segments.KeplerSet object at 0x1188113c8>, 'PosVelECI': [0, 0, 0, 0, 0, 0], 'PosVelECF': [0, 0, 0, 0, 0, 0], 'LLA': [0, 0, 0], 'IdxStationInView': [], 'NumStationInView': 0, 'IdxSatelliteInView': [], 'NumSatelliteInView': 0, 'Metric': []}
2019-05-12 17:06:15,099 - main - INFO - {'ConstellationID': 1, 'GroundStationID': 1, 'GroundStationName': 'OBE', 'ReceiverConstellation': '1', 'ElevationMask': [0.08726646259971647], 'ElevationMaskMaximum': [1.5707963267948966], 'PosVelECI': [0, 0, 0, 0, 0, 0], 'PosVelECF': [4187353.394338386, 833828.1113503784, 4722407.796110571, 0, 0, 0], 'LLA': [0.8390565659207619, 0.1965589803596014, 0.0], 'IdxSatInView': [999999, 999999, 999999, 999999, 999999, 999999, 999999, 999999, 999999, 999999, 999999, 999999, 999999, 999999, 999999, 999999, 999999, 999999, 999999, 999999, 999999, 999999, 999999, 999999, 999999, 999999, 999999, 999999, 999999, 999999], 'NumSatInView': 0}
2019-05-12 17:06:15,099 - main - INFO - {'ConstellationID': 1, 'GroundStationID': 2, 'GroundStationName': 'FUC', 'ReceiverConstellation': '1', 'ElevationMask': [0.08726646259971647], 'ElevationMaskMaximum': [1.5707963267948966], 'PosVelECI': [0, 0, 0, 0, 0, 0], 'PosVelECF': [-3086130.7508611423, -3607398.5431501395, -4245191.102340735, 0, 0, 0], 'LLA': [-0.7329510193750186, -2.278474978601037, 0.0], 'IdxSatInView': [999999, 999999, 999999, 999999, 999999, 999999, 999999, 999999, 999999, 999999, 999999, 999999, 999999, 999999, 999999, 999999, 999999, 999999, 999999, 999999, 999999, 999999, 999999, 999999, 999999, 999999, 999999, 999999, 999999, 999999], 'NumSatInView': 0}
2019-05-12 17:06:15,106 - main - INFO - {'Type': 'Grid', 'UserID': 702, 'UserName': 'Grid', 'ReceiverConstellation': '111', 'ElevationMask': [0.08726646259971647], 'ElevationMaskMaximum': [1.5707963267948966], 'PosVelECI': [0, 0, 0, 0, 0, 0], 'PosVelECF': [-3.918620924842322e-10, 4.798926572679991e-26, 6356752.3142], 'LLA': [1.5707963267948966, 3.141592653589793, 0.0], 'NumLat': 19, 'NumLon': 37, 'IdxSatInView': [999999, 999999, 999999, 999999, 999999, 999999, 999999, 999999, 999999, 999999, 999999, 999999, 999999, 999999, 999999, 999999, 999999, 999999, 999999, 999999, 999999, 999999, 999999, 999999, 999999, 999999, 999999, 999999, 999999, 999999], 'NumSatInView': 0, 'TLEFileName': '', 'Kepler': <segments.KeplerSet object at 0x118d15d30>, 'Metric': []}
2019-05-12 17:06:15,108 - main - INFO - ['Loaded simulation, start:', '56420.0', 'stop:', '56421.0', 'TimeStep', '3600']
2019-05-12 17:06:15,108 - main - INFO - ['Loaded: ', 60, ' number of Ground Station to Spacecraft links']
2019-05-12 17:06:15,120 - main - INFO - ['Loaded: ', 21090, ' number of User to Spacecraft links']
2019-05-12 17:06:15,120 - main - INFO - ['Loaded: ', 900, ' number of Spacecraft to Spacecraft links']
2019-05-12 17:06:15,123 - main - INFO - ['Sim Time:', '2013-05-08 00:00:00.000']
2019-05-12 17:06:15,300 - main - INFO - ['Sim Time:', '2013-05-08 01:00:00.000']
2019-05-12 17:06:15,484 - main - INFO - ['Sim Time:', '2013-05-08 02:00:00.000']
2019-05-12 17:06:15,655 - main - INFO - ['Sim Time:', '2013-05-08 03:00:00.000']
2019-05-12 17:06:15,821 - main - INFO - ['Sim Time:', '2013-05-08 04:00:00.000']
2019-05-12 17:06:16,010 - main - INFO - ['Sim Time:', '2013-05-08 05:00:00.000']
2019-05-12 17:06:16,192 - main - INFO - ['Sim Time:', '2013-05-08 06:00:00.000']
2019-05-12 17:06:16,539 - main - INFO - ['Sim Time:', '2013-05-08 07:00:00.000']
2019-05-12 17:06:16,723 - main - INFO - ['Sim Time:', '2013-05-08 08:00:00.000']
2019-05-12 17:06:16,905 - main - INFO - ['Sim Time:', '2013-05-08 09:00:00.000']
2019-05-12 17:06:17,074 - main - INFO - ['Sim Time:', '2013-05-08 10:00:00.000']
2019-05-12 17:06:17,305 - main - INFO - ['Sim Time:', '2013-05-08 11:00:00.000']
2019-05-12 17:06:17,527 - main - INFO - ['Sim Time:', '2013-05-08 12:00:00.000']
2019-05-12 17:06:17,732 - main - INFO - ['Sim Time:', '2013-05-08 13:00:00.000']
2019-05-12 17:06:17,920 - main - INFO - ['Sim Time:', '2013-05-08 14:00:00.000']
2019-05-12 17:06:18,102 - main - INFO - ['Sim Time:', '2013-05-08 15:00:00.000']
2019-05-12 17:06:18,298 - main - INFO - ['Sim Time:', '2013-05-08 16:00:00.000']
2019-05-12 17:06:18,491 - main - INFO - ['Sim Time:', '2013-05-08 17:00:00.000']
2019-05-12 17:06:18,674 - main - INFO - ['Sim Time:', '2013-05-08 18:00:00.000']
2019-05-12 17:06:18,852 - main - INFO - ['Sim Time:', '2013-05-08 19:00:00.000']
2019-05-12 17:06:19,048 - main - INFO - ['Sim Time:', '2013-05-08 20:00:00.000']
2019-05-12 17:06:19,235 - main - INFO - ['Sim Time:', '2013-05-08 21:00:00.000']
2019-05-12 17:06:19,411 - main - INFO - ['Sim Time:', '2013-05-08 22:00:00.000']
2019-05-12 17:06:19,610 - main - INFO - ['Sim Time:', '2013-05-08 23:00:00.000']
2019-05-12 17:06:19,784 - main - INFO - ['Plot Analysis:', 9]
